/mnt/e/go_project/jsocial/cmd

2022/11/26 13:57:52 [35m/mnt/e/go_project/jsocial/internal/pkg/db/mysql.go:16
[0m[31m[error] [0mfailed to initialize database, got error dial tcp 127.0.0.1:3306: connect: connection refused
2022/11/26 13:57:52 debug logging disabled
2022/11/26 13:57:52 Initializing logging reporter
2022/11/26 13:57:52 debug logging disabled
[GIN-debug] [WARNING] Creating an Engine instance with the Logger and Recovery middleware already attached.

[GIN-debug] [WARNING] Running in "debug" mode. Switch to "release" mode in production.
 - using env:	export GIN_MODE=release
 - using code:	gin.SetMode(gin.ReleaseMode)

[GIN-debug] POST   /api/v1/group/create      --> github.com/ijidan/jsocial/internal/app/api/controller.(*GroupController).Create-fm (9 handlers)
[GIN-debug] POST   /api/v1/group/update      --> github.com/ijidan/jsocial/internal/app/api/controller.(*GroupController).Update-fm (9 handlers)
[GIN-debug] DELETE /api/v1/group/delete      --> github.com/ijidan/jsocial/internal/app/api/controller.(*GroupController).Delete-fm (9 handlers)
[GIN-debug] POST   /api/v1/group/join        --> github.com/ijidan/jsocial/internal/app/api/controller.(*GroupController).Join-fm (9 handlers)
[GIN-debug] POST   /api/v1/group/quit        --> github.com/ijidan/jsocial/internal/app/api/controller.(*GroupController).Quit-fm (9 handlers)
[GIN-debug] POST   /api/v1/message/user/text --> github.com/ijidan/jsocial/internal/app/api/controller.(*MessageController).SendUserTextMessage-fm (9 handlers)
[GIN-debug] POST   /api/v1/message/user/location --> github.com/ijidan/jsocial/internal/app/api/controller.(*MessageController).SendUserLocationMessage-fm (9 handlers)
[GIN-debug] POST   /api/v1/message/user/face --> github.com/ijidan/jsocial/internal/app/api/controller.(*MessageController).SendUserFaceMessage-fm (9 handlers)
[GIN-debug] POST   /api/v1/message/user/sound --> github.com/ijidan/jsocial/internal/app/api/controller.(*MessageController).SendUserSoundMessage-fm (9 handlers)
[GIN-debug] POST   /api/v1/message/user/video --> github.com/ijidan/jsocial/internal/app/api/controller.(*MessageController).SendUserVideoMessage-fm (9 handlers)
[GIN-debug] POST   /api/v1/message/user/image --> github.com/ijidan/jsocial/internal/app/api/controller.(*MessageController).SendUserImageMessage-fm (9 handlers)
[GIN-debug] POST   /api/v1/message/user/file --> github.com/ijidan/jsocial/internal/app/api/controller.(*MessageController).SendUserFileMessage-fm (9 handlers)
[GIN-debug] POST   /api/v1/message/group/text --> github.com/ijidan/jsocial/internal/app/api/controller.(*MessageController).SendGroupTextMessage-fm (9 handlers)
[GIN-debug] POST   /api/v1/message/group/location --> github.com/ijidan/jsocial/internal/app/api/controller.(*MessageController).SendGroupLocationMessage-fm (9 handlers)
[GIN-debug] POST   /api/v1/message/group/face --> github.com/ijidan/jsocial/internal/app/api/controller.(*MessageController).SendGroupFaceMessage-fm (9 handlers)
[GIN-debug] POST   /api/v1/message/group/sound --> github.com/ijidan/jsocial/internal/app/api/controller.(*MessageController).SendGroupSoundMessage-fm (9 handlers)
[GIN-debug] POST   /api/v1/message/group/video --> github.com/ijidan/jsocial/internal/app/api/controller.(*MessageController).SendGroupVideoMessage-fm (9 handlers)
[GIN-debug] POST   /api/v1/message/group/image --> github.com/ijidan/jsocial/internal/app/api/controller.(*MessageController).SendGroupImageMessage-fm (9 handlers)
[GIN-debug] POST   /api/v1/message/group/file --> github.com/ijidan/jsocial/internal/app/api/controller.(*MessageController).SendGroupFileMessage-fm (9 handlers)
[GIN-debug] POST   /api/v1/user/password     --> github.com/ijidan/jsocial/internal/app/api/controller.(*UserController).UpdatePassword-fm (9 handlers)
[GIN-debug] POST   /api/v1/usr/avatar        --> github.com/ijidan/jsocial/internal/app/api/controller.(*UserController).UpdateAvatar-fm (9 handlers)
[GIN-debug] POST   /api/v1/common/image      --> github.com/ijidan/jsocial/internal/app/api/controller.(*CommonController).UploadImage-fm (8 handlers)
[GIN-debug] GET    /api/v1/group/get         --> github.com/ijidan/jsocial/internal/app/api/controller.(*GroupController).Get-fm (8 handlers)
[GIN-debug] GET    /api/v1/group/query       --> github.com/ijidan/jsocial/internal/app/api/controller.(*GroupController).Query-fm (8 handlers)
[GIN-debug] GET    /api/v1/ping              --> github.com/ijidan/jsocial/internal/app/api/controller.(*HealthController).Ping-fm (8 handlers)
[GIN-debug] GET    /api/v1/user/get          --> github.com/ijidan/jsocial/internal/app/api/controller.(*UserController).Get-fm (8 handlers)
[GIN-debug] GET    /api/v1/user/query        --> github.com/ijidan/jsocial/internal/app/api/controller.(*UserController).Query-fm (8 handlers)
[GIN-debug] POST   /api/v1/usr/login         --> github.com/ijidan/jsocial/internal/app/api/controller.(*UserController).Login-fm (8 handlers)
+----+-------------+----------------+
| ID |    INFO     |      DESC      |
+----+-------------+----------------+
| 1  | Application | JSocial API    |
| 2  | Address     | 127.0.0.1:9096 |
| 3  | Port        | 9096           |
| 4  | Pid         | 1631           |
+----+-------------+----------------+
[GIN-debug] [WARNING] You trusted all proxies, this is NOT safe. We recommend you to set a value.
Please check https://pkg.go.dev/github.com/gin-gonic/gin#readme-don-t-trust-all-proxies for details.
[GIN-debug] Listening and serving HTTP on 127.0.0.1:9096
/mnt/e/go_project/jsocial/cmd

2022/11/26 13:58:17 [35m/mnt/e/go_project/jsocial/internal/pkg/db/mysql.go:16
[0m[31m[error] [0mfailed to initialize database, got error dial tcp 127.0.0.1:3306: connect: connection refused
2022/11/26 13:58:17 debug logging disabled
2022/11/26 13:58:17 Initializing logging reporter
2022/11/26 13:58:17 debug logging disabled
[GIN-debug] [WARNING] Creating an Engine instance with the Logger and Recovery middleware already attached.

[GIN-debug] [WARNING] Running in "debug" mode. Switch to "release" mode in production.
 - using env:	export GIN_MODE=release
 - using code:	gin.SetMode(gin.ReleaseMode)

[GIN-debug] POST   /api/v1/group/create      --> github.com/ijidan/jsocial/internal/app/api/controller.(*GroupController).Create-fm (9 handlers)
[GIN-debug] POST   /api/v1/group/update      --> github.com/ijidan/jsocial/internal/app/api/controller.(*GroupController).Update-fm (9 handlers)
[GIN-debug] DELETE /api/v1/group/delete      --> github.com/ijidan/jsocial/internal/app/api/controller.(*GroupController).Delete-fm (9 handlers)
[GIN-debug] POST   /api/v1/group/join        --> github.com/ijidan/jsocial/internal/app/api/controller.(*GroupController).Join-fm (9 handlers)
[GIN-debug] POST   /api/v1/group/quit        --> github.com/ijidan/jsocial/internal/app/api/controller.(*GroupController).Quit-fm (9 handlers)
[GIN-debug] POST   /api/v1/message/user/text --> github.com/ijidan/jsocial/internal/app/api/controller.(*MessageController).SendUserTextMessage-fm (9 handlers)
[GIN-debug] POST   /api/v1/message/user/location --> github.com/ijidan/jsocial/internal/app/api/controller.(*MessageController).SendUserLocationMessage-fm (9 handlers)
[GIN-debug] POST   /api/v1/message/user/face --> github.com/ijidan/jsocial/internal/app/api/controller.(*MessageController).SendUserFaceMessage-fm (9 handlers)
[GIN-debug] POST   /api/v1/message/user/sound --> github.com/ijidan/jsocial/internal/app/api/controller.(*MessageController).SendUserSoundMessage-fm (9 handlers)
[GIN-debug] POST   /api/v1/message/user/video --> github.com/ijidan/jsocial/internal/app/api/controller.(*MessageController).SendUserVideoMessage-fm (9 handlers)
[GIN-debug] POST   /api/v1/message/user/image --> github.com/ijidan/jsocial/internal/app/api/controller.(*MessageController).SendUserImageMessage-fm (9 handlers)
[GIN-debug] POST   /api/v1/message/user/file --> github.com/ijidan/jsocial/internal/app/api/controller.(*MessageController).SendUserFileMessage-fm (9 handlers)
[GIN-debug] POST   /api/v1/message/group/text --> github.com/ijidan/jsocial/internal/app/api/controller.(*MessageController).SendGroupTextMessage-fm (9 handlers)
[GIN-debug] POST   /api/v1/message/group/location --> github.com/ijidan/jsocial/internal/app/api/controller.(*MessageController).SendGroupLocationMessage-fm (9 handlers)
[GIN-debug] POST   /api/v1/message/group/face --> github.com/ijidan/jsocial/internal/app/api/controller.(*MessageController).SendGroupFaceMessage-fm (9 handlers)
[GIN-debug] POST   /api/v1/message/group/sound --> github.com/ijidan/jsocial/internal/app/api/controller.(*MessageController).SendGroupSoundMessage-fm (9 handlers)
[GIN-debug] POST   /api/v1/message/group/video --> github.com/ijidan/jsocial/internal/app/api/controller.(*MessageController).SendGroupVideoMessage-fm (9 handlers)
[GIN-debug] POST   /api/v1/message/group/image --> github.com/ijidan/jsocial/internal/app/api/controller.(*MessageController).SendGroupImageMessage-fm (9 handlers)
[GIN-debug] POST   /api/v1/message/group/file --> github.com/ijidan/jsocial/internal/app/api/controller.(*MessageController).SendGroupFileMessage-fm (9 handlers)
[GIN-debug] POST   /api/v1/user/password     --> github.com/ijidan/jsocial/internal/app/api/controller.(*UserController).UpdatePassword-fm (9 handlers)
[GIN-debug] POST   /api/v1/usr/avatar        --> github.com/ijidan/jsocial/internal/app/api/controller.(*UserController).UpdateAvatar-fm (9 handlers)
[GIN-debug] POST   /api/v1/common/image      --> github.com/ijidan/jsocial/internal/app/api/controller.(*CommonController).UploadImage-fm (8 handlers)
[GIN-debug] GET    /api/v1/group/get         --> github.com/ijidan/jsocial/internal/app/api/controller.(*GroupController).Get-fm (8 handlers)
[GIN-debug] GET    /api/v1/group/query       --> github.com/ijidan/jsocial/internal/app/api/controller.(*GroupController).Query-fm (8 handlers)
[GIN-debug] GET    /api/v1/ping              --> github.com/ijidan/jsocial/internal/app/api/controller.(*HealthController).Ping-fm (8 handlers)
[GIN-debug] GET    /api/v1/user/get          --> github.com/ijidan/jsocial/internal/app/api/controller.(*UserController).Get-fm (8 handlers)
[GIN-debug] GET    /api/v1/user/query        --> github.com/ijidan/jsocial/internal/app/api/controller.(*UserController).Query-fm (8 handlers)
[GIN-debug] POST   /api/v1/usr/login         --> github.com/ijidan/jsocial/internal/app/api/controller.(*UserController).Login-fm (8 handlers)
+----+-------------+----------------+
| ID |    INFO     |      DESC      |
+----+-------------+----------------+
| 1  | Application | JSocial API    |
| 2  | Address     | 127.0.0.1:9096 |
| 3  | Port        | 9096           |
| 4  | Pid         | 1755           |
+----+-------------+----------------+
[GIN-debug] [WARNING] You trusted all proxies, this is NOT safe. We recommend you to set a value.
Please check https://pkg.go.dev/github.com/gin-gonic/gin#readme-don-t-trust-all-proxies for details.
[GIN-debug] Listening and serving HTTP on 127.0.0.1:9096
/mnt/e/go_project/jsocial/cmd

2022/11/26 14:01:28 [35m/mnt/e/go_project/jsocial/internal/pkg/db/mysql.go:16
[0m[31m[error] [0mfailed to initialize database, got error dial tcp 127.0.0.1:3306: connect: connection refused
2022/11/26 14:01:28 debug logging disabled
2022/11/26 14:01:28 Initializing logging reporter
2022/11/26 14:01:28 debug logging disabled
[GIN-debug] [WARNING] Creating an Engine instance with the Logger and Recovery middleware already attached.

[GIN-debug] [WARNING] Running in "debug" mode. Switch to "release" mode in production.
 - using env:	export GIN_MODE=release
 - using code:	gin.SetMode(gin.ReleaseMode)

[GIN-debug] POST   /api/v1/group/create      --> github.com/ijidan/jsocial/internal/app/api/controller.(*GroupController).Create-fm (9 handlers)
[GIN-debug] POST   /api/v1/group/update      --> github.com/ijidan/jsocial/internal/app/api/controller.(*GroupController).Update-fm (9 handlers)
[GIN-debug] DELETE /api/v1/group/delete      --> github.com/ijidan/jsocial/internal/app/api/controller.(*GroupController).Delete-fm (9 handlers)
[GIN-debug] POST   /api/v1/group/join        --> github.com/ijidan/jsocial/internal/app/api/controller.(*GroupController).Join-fm (9 handlers)
[GIN-debug] POST   /api/v1/group/quit        --> github.com/ijidan/jsocial/internal/app/api/controller.(*GroupController).Quit-fm (9 handlers)
[GIN-debug] POST   /api/v1/message/user/text --> github.com/ijidan/jsocial/internal/app/api/controller.(*MessageController).SendUserTextMessage-fm (9 handlers)
[GIN-debug] POST   /api/v1/message/user/location --> github.com/ijidan/jsocial/internal/app/api/controller.(*MessageController).SendUserLocationMessage-fm (9 handlers)
[GIN-debug] POST   /api/v1/message/user/face --> github.com/ijidan/jsocial/internal/app/api/controller.(*MessageController).SendUserFaceMessage-fm (9 handlers)
[GIN-debug] POST   /api/v1/message/user/sound --> github.com/ijidan/jsocial/internal/app/api/controller.(*MessageController).SendUserSoundMessage-fm (9 handlers)
[GIN-debug] POST   /api/v1/message/user/video --> github.com/ijidan/jsocial/internal/app/api/controller.(*MessageController).SendUserVideoMessage-fm (9 handlers)
[GIN-debug] POST   /api/v1/message/user/image --> github.com/ijidan/jsocial/internal/app/api/controller.(*MessageController).SendUserImageMessage-fm (9 handlers)
[GIN-debug] POST   /api/v1/message/user/file --> github.com/ijidan/jsocial/internal/app/api/controller.(*MessageController).SendUserFileMessage-fm (9 handlers)
[GIN-debug] POST   /api/v1/message/group/text --> github.com/ijidan/jsocial/internal/app/api/controller.(*MessageController).SendGroupTextMessage-fm (9 handlers)
[GIN-debug] POST   /api/v1/message/group/location --> github.com/ijidan/jsocial/internal/app/api/controller.(*MessageController).SendGroupLocationMessage-fm (9 handlers)
[GIN-debug] POST   /api/v1/message/group/face --> github.com/ijidan/jsocial/internal/app/api/controller.(*MessageController).SendGroupFaceMessage-fm (9 handlers)
[GIN-debug] POST   /api/v1/message/group/sound --> github.com/ijidan/jsocial/internal/app/api/controller.(*MessageController).SendGroupSoundMessage-fm (9 handlers)
[GIN-debug] POST   /api/v1/message/group/video --> github.com/ijidan/jsocial/internal/app/api/controller.(*MessageController).SendGroupVideoMessage-fm (9 handlers)
[GIN-debug] POST   /api/v1/message/group/image --> github.com/ijidan/jsocial/internal/app/api/controller.(*MessageController).SendGroupImageMessage-fm (9 handlers)
[GIN-debug] POST   /api/v1/message/group/file --> github.com/ijidan/jsocial/internal/app/api/controller.(*MessageController).SendGroupFileMessage-fm (9 handlers)
[GIN-debug] POST   /api/v1/user/password     --> github.com/ijidan/jsocial/internal/app/api/controller.(*UserController).UpdatePassword-fm (9 handlers)
[GIN-debug] POST   /api/v1/usr/avatar        --> github.com/ijidan/jsocial/internal/app/api/controller.(*UserController).UpdateAvatar-fm (9 handlers)
[GIN-debug] POST   /api/v1/common/image      --> github.com/ijidan/jsocial/internal/app/api/controller.(*CommonController).UploadImage-fm (8 handlers)
[GIN-debug] GET    /api/v1/group/get         --> github.com/ijidan/jsocial/internal/app/api/controller.(*GroupController).Get-fm (8 handlers)
[GIN-debug] GET    /api/v1/group/query       --> github.com/ijidan/jsocial/internal/app/api/controller.(*GroupController).Query-fm (8 handlers)
[GIN-debug] GET    /api/v1/ping              --> github.com/ijidan/jsocial/internal/app/api/controller.(*HealthController).Ping-fm (8 handlers)
[GIN-debug] GET    /api/v1/user/get          --> github.com/ijidan/jsocial/internal/app/api/controller.(*UserController).Get-fm (8 handlers)
[GIN-debug] GET    /api/v1/user/query        --> github.com/ijidan/jsocial/internal/app/api/controller.(*UserController).Query-fm (8 handlers)
[GIN-debug] POST   /api/v1/usr/login         --> github.com/ijidan/jsocial/internal/app/api/controller.(*UserController).Login-fm (8 handlers)
+----+-------------+----------------+
| ID |    INFO     |      DESC      |
+----+-------------+----------------+
| 1  | Application | JSocial API    |
| 2  | Address     | 127.0.0.1:9096 |
| 3  | Port        | 9096           |
| 4  | Pid         | 1880           |
+----+-------------+----------------+
[GIN-debug] [WARNING] You trusted all proxies, this is NOT safe. We recommend you to set a value.
Please check https://pkg.go.dev/github.com/gin-gonic/gin#readme-don-t-trust-all-proxies for details.
[GIN-debug] Listening and serving HTTP on 127.0.0.1:9096
[GIN] 2022/11/26 - 14:03:14 | 200 |    2.595524ms |       127.0.0.1 | GET      "/api/v1/ping"
[GIN] 2022/11/26 - 14:03:21 | 200 |      30.712µs |       127.0.0.1 | GET      "/api/v1/ping"
SIGTRAP: trace trap
PC=0x469781 m=0 sigcode=0

goroutine 0 [idle]:
runtime.futex()
	/usr/local/go/src/runtime/sys_linux_amd64.s:552 +0x21
runtime.futexsleep(0x10000000000?, 0x0?, 0x3?)
	/usr/local/go/src/runtime/os_linux.go:66 +0x36
runtime.notesleep(0x19238a8)
	/usr/local/go/src/runtime/lock_futex.go:159 +0x87
runtime.mPark(...)
	/usr/local/go/src/runtime/proc.go:1449
runtime.stopm()
	/usr/local/go/src/runtime/proc.go:2236 +0x8d
runtime.findrunnable()
	/usr/local/go/src/runtime/proc.go:2812 +0x865
runtime.schedule()
	/usr/local/go/src/runtime/proc.go:3195 +0x239
runtime.park_m(0xc00043e4e0?)
	/usr/local/go/src/runtime/proc.go:3344 +0x14d
runtime.mcall()
	/usr/local/go/src/runtime/asm_amd64.s:425 +0x43

goroutine 1 [IO wait, 50 minutes]:
internal/poll.runtime_pollWait(0x7f2ae1cd9da8, 0x72)
	/usr/local/go/src/runtime/netpoll.go:302 +0x89
internal/poll.(*pollDesc).wait(0xc000490a00?, 0xc000052a00?, 0x0)
	/usr/local/go/src/internal/poll/fd_poll_runtime.go:83 +0x32
internal/poll.(*pollDesc).waitRead(...)
	/usr/local/go/src/internal/poll/fd_poll_runtime.go:88
internal/poll.(*FD).Accept(0xc000490a00)
	/usr/local/go/src/internal/poll/fd_unix.go:614 +0x22c
net.(*netFD).accept(0xc000490a00)
	/usr/local/go/src/net/fd_unix.go:172 +0x35
net.(*TCPListener).accept(0xc00048f1b8)
	/usr/local/go/src/net/tcpsock_posix.go:139 +0x28
net.(*TCPListener).Accept(0xc00048f1b8)
	/usr/local/go/src/net/tcpsock.go:288 +0x3d
net/http.(*Server).Serve(0xc00046c380, {0x11cade0, 0xc00048f1b8})
	/usr/local/go/src/net/http/server.go:3039 +0x385
net/http.(*Server).ListenAndServe(0xc00046c380)
	/usr/local/go/src/net/http/server.go:2968 +0x7d
net/http.ListenAndServe(...)
	/usr/local/go/src/net/http/server.go:3222
github.com/gin-gonic/gin.(*Engine).Run(0xc00043f1e0, {0xc000873ee0, 0x1, 0x1})
	/home/jidan/go/pkg/mod/github.com/gin-gonic/gin@v1.8.1/gin.go:382 +0x20e
main.main()
	/mnt/e/go_project/jsocial/cmd/api/main.go:26 +0x1c6

goroutine 11 [semacquire, 50 minutes]:
sync.runtime_Semacquire(0xabca40?)
	/usr/local/go/src/runtime/sema.go:56 +0x25
sync.(*WaitGroup).Wait(0xc000696f00?)
	/usr/local/go/src/sync/waitgroup.go:136 +0x52
github.com/spf13/viper.(*Viper).WatchConfig.func1()
	/home/jidan/go/pkg/mod/github.com/spf13/viper@v1.13.0/viper.go:495 +0x305
created by github.com/spf13/viper.(*Viper).WatchConfig
	/home/jidan/go/pkg/mod/github.com/spf13/viper@v1.13.0/viper.go:434 +0x8d

goroutine 12 [IO wait, 50 minutes]:
internal/poll.runtime_pollWait(0x7f2ae1cd9f88, 0x72)
	/usr/local/go/src/runtime/netpoll.go:302 +0x89
internal/poll.(*pollDesc).wait(0xc000481f80?, 0xc000823f78?, 0x1)
	/usr/local/go/src/internal/poll/fd_poll_runtime.go:83 +0x32
internal/poll.(*pollDesc).waitRead(...)
	/usr/local/go/src/internal/poll/fd_poll_runtime.go:88
internal/poll.(*FD).Read(0xc000481f80, {0xc000823f78, 0x10000, 0x10000})
	/usr/local/go/src/internal/poll/fd_unix.go:167 +0x25a
os.(*File).read(...)
	/usr/local/go/src/os/file_posix.go:31
os.(*File).Read(0xc0001192d0, {0xc000823f78?, 0x0?, 0xc000824190?})
	/usr/local/go/src/os/file.go:119 +0x5e
github.com/fsnotify/fsnotify.(*Watcher).readEvents(0xc000696f00)
	/home/jidan/go/pkg/mod/github.com/fsnotify/fsnotify@v1.6.0/backend_inotify.go:356 +0xcc
created by github.com/fsnotify/fsnotify.NewWatcher
	/home/jidan/go/pkg/mod/github.com/fsnotify/fsnotify@v1.6.0/backend_inotify.go:150 +0x1b0

goroutine 13 [select, 50 minutes]:
github.com/spf13/viper.(*Viper).WatchConfig.func1.1()
	/home/jidan/go/pkg/mod/github.com/spf13/viper@v1.13.0/viper.go:456 +0x105
created by github.com/spf13/viper.(*Viper).WatchConfig.func1
	/home/jidan/go/pkg/mod/github.com/spf13/viper@v1.13.0/viper.go:454 +0x2d1

goroutine 14 [select, 50 minutes]:
database/sql.(*DB).connectionOpener(0xc00042e5b0, {0x11cbd48, 0xc000120280})
	/usr/local/go/src/database/sql/sql.go:1226 +0x8d
created by database/sql.OpenDB
	/usr/local/go/src/database/sql/sql.go:794 +0x18d

goroutine 16 [select]:
github.com/uber/jaeger-client-go/utils.(*reconnectingUDPConn).reconnectLoop(0xc00024e310, 0x0?)
	/home/jidan/go/pkg/mod/github.com/uber/jaeger-client-go@v2.30.0+incompatible/utils/reconnecting_udp_conn.go:70 +0xbc
created by github.com/uber/jaeger-client-go/utils.newReconnectingUDPConn
	/home/jidan/go/pkg/mod/github.com/uber/jaeger-client-go@v2.30.0+incompatible/utils/reconnecting_udp_conn.go:60 +0x205

goroutine 50 [select]:
github.com/uber/jaeger-client-go.(*remoteReporter).processQueue(0xc00010e780)
	/home/jidan/go/pkg/mod/github.com/uber/jaeger-client-go@v2.30.0+incompatible/reporter.go:296 +0xde
created by github.com/uber/jaeger-client-go.NewRemoteReporter
	/home/jidan/go/pkg/mod/github.com/uber/jaeger-client-go@v2.30.0+incompatible/reporter.go:237 +0x245

rax    0xca
rbx    0x0
rcx    0x469783
rdx    0x0
rdi    0x19238a8
rsi    0x80
rbp    0x7fff5ae31fe0
rsp    0x7fff5ae31f98
r8     0x0
r9     0x0
r10    0x0
r11    0x286
r12    0xc00004e000
r13    0xb
r14    0x1923060
r15    0x0
rip    0x469781
rflags 0x286
cs     0x33
fs     0x0
gs     0x0
/mnt/e/go_project/jsocial/cmd

2022/11/26 15:55:06 [35m/mnt/e/go_project/jsocial/internal/pkg/db/mysql.go:16
[0m[31m[error] [0mfailed to initialize database, got error dial tcp 127.0.0.1:3306: connect: connection refused
2022/11/26 15:55:06 debug logging disabled
2022/11/26 15:55:06 Initializing logging reporter
2022/11/26 15:55:06 debug logging disabled
[GIN-debug] [WARNING] Creating an Engine instance with the Logger and Recovery middleware already attached.

[GIN-debug] [WARNING] Running in "debug" mode. Switch to "release" mode in production.
 - using env:	export GIN_MODE=release
 - using code:	gin.SetMode(gin.ReleaseMode)

[GIN-debug] POST   /api/v1/group/create      --> github.com/ijidan/jsocial/internal/app/api/controller.(*GroupController).Create-fm (9 handlers)
[GIN-debug] POST   /api/v1/group/update      --> github.com/ijidan/jsocial/internal/app/api/controller.(*GroupController).Update-fm (9 handlers)
[GIN-debug] DELETE /api/v1/group/delete      --> github.com/ijidan/jsocial/internal/app/api/controller.(*GroupController).Delete-fm (9 handlers)
[GIN-debug] POST   /api/v1/group/join        --> github.com/ijidan/jsocial/internal/app/api/controller.(*GroupController).Join-fm (9 handlers)
[GIN-debug] POST   /api/v1/group/quit        --> github.com/ijidan/jsocial/internal/app/api/controller.(*GroupController).Quit-fm (9 handlers)
[GIN-debug] POST   /api/v1/message/user/text --> github.com/ijidan/jsocial/internal/app/api/controller.(*MessageController).SendUserTextMessage-fm (9 handlers)
[GIN-debug] POST   /api/v1/message/user/location --> github.com/ijidan/jsocial/internal/app/api/controller.(*MessageController).SendUserLocationMessage-fm (9 handlers)
[GIN-debug] POST   /api/v1/message/user/face --> github.com/ijidan/jsocial/internal/app/api/controller.(*MessageController).SendUserFaceMessage-fm (9 handlers)
[GIN-debug] POST   /api/v1/message/user/sound --> github.com/ijidan/jsocial/internal/app/api/controller.(*MessageController).SendUserSoundMessage-fm (9 handlers)
[GIN-debug] POST   /api/v1/message/user/video --> github.com/ijidan/jsocial/internal/app/api/controller.(*MessageController).SendUserVideoMessage-fm (9 handlers)
[GIN-debug] POST   /api/v1/message/user/image --> github.com/ijidan/jsocial/internal/app/api/controller.(*MessageController).SendUserImageMessage-fm (9 handlers)
[GIN-debug] POST   /api/v1/message/user/file --> github.com/ijidan/jsocial/internal/app/api/controller.(*MessageController).SendUserFileMessage-fm (9 handlers)
[GIN-debug] POST   /api/v1/message/group/text --> github.com/ijidan/jsocial/internal/app/api/controller.(*MessageController).SendGroupTextMessage-fm (9 handlers)
[GIN-debug] POST   /api/v1/message/group/location --> github.com/ijidan/jsocial/internal/app/api/controller.(*MessageController).SendGroupLocationMessage-fm (9 handlers)
[GIN-debug] POST   /api/v1/message/group/face --> github.com/ijidan/jsocial/internal/app/api/controller.(*MessageController).SendGroupFaceMessage-fm (9 handlers)
[GIN-debug] POST   /api/v1/message/group/sound --> github.com/ijidan/jsocial/internal/app/api/controller.(*MessageController).SendGroupSoundMessage-fm (9 handlers)
[GIN-debug] POST   /api/v1/message/group/video --> github.com/ijidan/jsocial/internal/app/api/controller.(*MessageController).SendGroupVideoMessage-fm (9 handlers)
[GIN-debug] POST   /api/v1/message/group/image --> github.com/ijidan/jsocial/internal/app/api/controller.(*MessageController).SendGroupImageMessage-fm (9 handlers)
[GIN-debug] POST   /api/v1/message/group/file --> github.com/ijidan/jsocial/internal/app/api/controller.(*MessageController).SendGroupFileMessage-fm (9 handlers)
[GIN-debug] POST   /api/v1/user/password     --> github.com/ijidan/jsocial/internal/app/api/controller.(*UserController).UpdatePassword-fm (9 handlers)
[GIN-debug] POST   /api/v1/usr/avatar        --> github.com/ijidan/jsocial/internal/app/api/controller.(*UserController).UpdateAvatar-fm (9 handlers)
[GIN-debug] POST   /api/v1/common/image      --> github.com/ijidan/jsocial/internal/app/api/controller.(*CommonController).UploadImage-fm (8 handlers)
[GIN-debug] GET    /api/v1/group/get         --> github.com/ijidan/jsocial/internal/app/api/controller.(*GroupController).Get-fm (8 handlers)
[GIN-debug] GET    /api/v1/group/query       --> github.com/ijidan/jsocial/internal/app/api/controller.(*GroupController).Query-fm (8 handlers)
[GIN-debug] GET    /api/v1/ping              --> github.com/ijidan/jsocial/internal/app/api/controller.(*HealthController).Ping-fm (8 handlers)
[GIN-debug] GET    /api/v1/user/get          --> github.com/ijidan/jsocial/internal/app/api/controller.(*UserController).Get-fm (8 handlers)
[GIN-debug] GET    /api/v1/user/query        --> github.com/ijidan/jsocial/internal/app/api/controller.(*UserController).Query-fm (8 handlers)
[GIN-debug] POST   /api/v1/usr/login         --> github.com/ijidan/jsocial/internal/app/api/controller.(*UserController).Login-fm (8 handlers)
+----+-------------+----------------+
| ID |    INFO     |      DESC      |
+----+-------------+----------------+
| 1  | Application | JSocial API    |
| 2  | Address     | 127.0.0.1:9096 |
| 3  | Port        | 9096           |
| 4  | Pid         | 4083           |
+----+-------------+----------------+
[GIN] 2022/11/26 - 15:56:41 | 200 |    2.070765ms |       127.0.0.1 | GET      "/api/v1/ping"
2022/11/26 15:59:56 shutting down gracefully, press Ctrl+C again to force
2022/11/26 15:59:56 Server exiting
/mnt/e/go_project/jsocial/cmd

2022/11/26 16:00:36 [35m/mnt/e/go_project/jsocial/internal/pkg/db/mysql.go:16
[0m[31m[error] [0mfailed to initialize database, got error dial tcp 127.0.0.1:3306: connect: connection refused
2022/11/26 16:00:36 debug logging disabled
2022/11/26 16:00:36 Initializing logging reporter
2022/11/26 16:00:36 debug logging disabled
[GIN-debug] [WARNING] Creating an Engine instance with the Logger and Recovery middleware already attached.

[GIN-debug] [WARNING] Running in "debug" mode. Switch to "release" mode in production.
 - using env:	export GIN_MODE=release
 - using code:	gin.SetMode(gin.ReleaseMode)

[GIN-debug] POST   /api/v1/group/create      --> github.com/ijidan/jsocial/internal/app/api/controller.(*GroupController).Create-fm (9 handlers)
[GIN-debug] POST   /api/v1/group/update      --> github.com/ijidan/jsocial/internal/app/api/controller.(*GroupController).Update-fm (9 handlers)
[GIN-debug] DELETE /api/v1/group/delete      --> github.com/ijidan/jsocial/internal/app/api/controller.(*GroupController).Delete-fm (9 handlers)
[GIN-debug] POST   /api/v1/group/join        --> github.com/ijidan/jsocial/internal/app/api/controller.(*GroupController).Join-fm (9 handlers)
[GIN-debug] POST   /api/v1/group/quit        --> github.com/ijidan/jsocial/internal/app/api/controller.(*GroupController).Quit-fm (9 handlers)
[GIN-debug] POST   /api/v1/message/user/text --> github.com/ijidan/jsocial/internal/app/api/controller.(*MessageController).SendUserTextMessage-fm (9 handlers)
[GIN-debug] POST   /api/v1/message/user/location --> github.com/ijidan/jsocial/internal/app/api/controller.(*MessageController).SendUserLocationMessage-fm (9 handlers)
[GIN-debug] POST   /api/v1/message/user/face --> github.com/ijidan/jsocial/internal/app/api/controller.(*MessageController).SendUserFaceMessage-fm (9 handlers)
[GIN-debug] POST   /api/v1/message/user/sound --> github.com/ijidan/jsocial/internal/app/api/controller.(*MessageController).SendUserSoundMessage-fm (9 handlers)
[GIN-debug] POST   /api/v1/message/user/video --> github.com/ijidan/jsocial/internal/app/api/controller.(*MessageController).SendUserVideoMessage-fm (9 handlers)
[GIN-debug] POST   /api/v1/message/user/image --> github.com/ijidan/jsocial/internal/app/api/controller.(*MessageController).SendUserImageMessage-fm (9 handlers)
[GIN-debug] POST   /api/v1/message/user/file --> github.com/ijidan/jsocial/internal/app/api/controller.(*MessageController).SendUserFileMessage-fm (9 handlers)
[GIN-debug] POST   /api/v1/message/group/text --> github.com/ijidan/jsocial/internal/app/api/controller.(*MessageController).SendGroupTextMessage-fm (9 handlers)
[GIN-debug] POST   /api/v1/message/group/location --> github.com/ijidan/jsocial/internal/app/api/controller.(*MessageController).SendGroupLocationMessage-fm (9 handlers)
[GIN-debug] POST   /api/v1/message/group/face --> github.com/ijidan/jsocial/internal/app/api/controller.(*MessageController).SendGroupFaceMessage-fm (9 handlers)
[GIN-debug] POST   /api/v1/message/group/sound --> github.com/ijidan/jsocial/internal/app/api/controller.(*MessageController).SendGroupSoundMessage-fm (9 handlers)
[GIN-debug] POST   /api/v1/message/group/video --> github.com/ijidan/jsocial/internal/app/api/controller.(*MessageController).SendGroupVideoMessage-fm (9 handlers)
[GIN-debug] POST   /api/v1/message/group/image --> github.com/ijidan/jsocial/internal/app/api/controller.(*MessageController).SendGroupImageMessage-fm (9 handlers)
[GIN-debug] POST   /api/v1/message/group/file --> github.com/ijidan/jsocial/internal/app/api/controller.(*MessageController).SendGroupFileMessage-fm (9 handlers)
[GIN-debug] POST   /api/v1/user/password     --> github.com/ijidan/jsocial/internal/app/api/controller.(*UserController).UpdatePassword-fm (9 handlers)
[GIN-debug] POST   /api/v1/usr/avatar        --> github.com/ijidan/jsocial/internal/app/api/controller.(*UserController).UpdateAvatar-fm (9 handlers)
[GIN-debug] POST   /api/v1/common/image      --> github.com/ijidan/jsocial/internal/app/api/controller.(*CommonController).UploadImage-fm (8 handlers)
[GIN-debug] GET    /api/v1/group/get         --> github.com/ijidan/jsocial/internal/app/api/controller.(*GroupController).Get-fm (8 handlers)
[GIN-debug] GET    /api/v1/group/query       --> github.com/ijidan/jsocial/internal/app/api/controller.(*GroupController).Query-fm (8 handlers)
[GIN-debug] GET    /api/v1/ping              --> github.com/ijidan/jsocial/internal/app/api/controller.(*HealthController).Ping-fm (8 handlers)
[GIN-debug] GET    /api/v1/user/get          --> github.com/ijidan/jsocial/internal/app/api/controller.(*UserController).Get-fm (8 handlers)
[GIN-debug] GET    /api/v1/user/query        --> github.com/ijidan/jsocial/internal/app/api/controller.(*UserController).Query-fm (8 handlers)
[GIN-debug] POST   /api/v1/usr/login         --> github.com/ijidan/jsocial/internal/app/api/controller.(*UserController).Login-fm (8 handlers)
+----+-------------+----------------+
| ID |    INFO     |      DESC      |
+----+-------------+----------------+
| 1  | Application | JSocial API    |
| 2  | Address     | 127.0.0.1:9096 |
| 3  | Port        | 9096           |
| 4  | Pid         | 4230           |
+----+-------------+----------------+
2022/11/26 16:00:58 shutting down gracefully, press Ctrl+C again to force
2022/11/26 16:00:58 Server exiting
